Build started 9/1/2012 11:34:22 PM.
     1>Project "D:\programming\OpenCV\projects\Hoshbee\BVPlayground\BVPlayground.vcxproj" on node 2 (build target(s)).
     1>InitializeBuildStatus:
         Creating "Debug\BVPlayground.unsuccessfulbuild" because "AlwaysCreate" was specified.
       ClCompile:
         C:\Program Files (x86)\Microsoft Visual Studio 10.0\VC\bin\CL.exe /c /ZI /nologo /W3 /WX- /Od /Oy- /D WIN32 /D _DEBUG /D _CONSOLE /D _UNICODE /D UNICODE /Gm /EHsc /RTC1 /MDd /GS /fp:precise /Zc:wchar_t /Zc:forScope /Fo"Debug\\" /Fd"Debug\vc100.pdb" /Gd /TP /analyze- /errorReport:prompt main.cpp
         main.cpp
       ManifestResourceCompile:
         All outputs are up-to-date.
       Link:
         C:\Program Files (x86)\Microsoft Visual Studio 10.0\VC\bin\link.exe /ERRORREPORT:PROMPT /OUT:"D:\programming\OpenCV\projects\Hoshbee\Debug\BVPlayground.exe" /INCREMENTAL /NOLOGO opencv_core242d.lib opencv_highgui242d.lib opencv_video242d.lib opencv_ml242d.lib opencv_legacy242d.lib opencv_imgproc242d.lib QtGuid4.lib QtCored4.lib /MANIFEST /ManifestFile:"Debug\BVPlayground.exe.intermediate.manifest" /MANIFESTUAC:"level='asInvoker' uiAccess='false'" /DEBUG /PDB:"D:\programming\OpenCV\projects\Hoshbee\Debug\BVPlayground.pdb" /SUBSYSTEM:CONSOLE /TLBID:1 /DYNAMICBASE /NXCOMPAT /IMPLIB:"D:\programming\OpenCV\projects\Hoshbee\Debug\BVPlayground.lib" /MACHINE:X86 Debug\BVPlayground.exe.embed.manifest.res
         Debug\main.obj
         Debug\QtGUI.obj
       Manifest:
         C:\Program Files (x86)\Microsoft SDKs\Windows\v7.0A\bin\mt.exe /nologo /verbose /out:"Debug\BVPlayground.exe.embed.manifest" /manifest Debug\BVPlayground.exe.intermediate.manifest
         All outputs are up-to-date.
       LinkEmbedManifest:
         All outputs are up-to-date.
         BVPlayground.vcxproj -> D:\programming\OpenCV\projects\Hoshbee\Debug\BVPlayground.exe
       FinalizeBuildStatus:
         Deleting file "Debug\BVPlayground.unsuccessfulbuild".
         Touching "Debug\BVPlayground.lastbuildstate".
     1>Done Building Project "D:\programming\OpenCV\projects\Hoshbee\BVPlayground\BVPlayground.vcxproj" (build target(s)).

Build succeeded.

Time Elapsed 00:00:02.20
